0 info it worked if it ends with ok
1 verbose cli [ '/Users/remyy/.nvm/versions/node/v5.0.0/bin/node',
1 verbose cli   '/Users/remyy/.nvm/versions/node/v5.0.0/bin/npm',
1 verbose cli   'run',
1 verbose cli   'dev' ]
2 info using npm@3.3.6
3 info using node@v5.0.0
4 verbose run-script [ 'predev', 'dev', 'postdev' ]
5 info lifecycle fractalforest@1.0.0~predev: fractalforest@1.0.0
6 silly lifecycle fractalforest@1.0.0~predev: no script for predev, continuing
7 info lifecycle fractalforest@1.0.0~dev: fractalforest@1.0.0
8 verbose lifecycle fractalforest@1.0.0~dev: unsafe-perm in lifecycle true
9 verbose lifecycle fractalforest@1.0.0~dev: PATH: /Users/remyy/.nvm/versions/node/v5.0.0/lib/node_modules/npm/bin/node-gyp-bin:/Users/remyy/Applications/javascript/FractalForest/node_modules/.bin:/Users/remyy/.nvm/versions/node/v5.0.0/bin:/usr/local/heroku/bin:/usr/local/bin:/usr/bin:/bin:/usr/sbin:/sbin
10 verbose lifecycle fractalforest@1.0.0~dev: CWD: /Users/remyy/Applications/javascript/FractalForest
11 silly lifecycle fractalforest@1.0.0~dev: Args: [ '-c', 'webpack-dev-server --hot' ]
12 silly lifecycle fractalforest@1.0.0~dev: Returned: code: 1  signal: null
13 info lifecycle fractalforest@1.0.0~dev: Failed to exec dev script
14 verbose stack Error: fractalforest@1.0.0 dev: `webpack-dev-server --hot`
14 verbose stack Exit status 1
14 verbose stack     at EventEmitter.<anonymous> (/Users/remyy/.nvm/versions/node/v5.0.0/lib/node_modules/npm/lib/utils/lifecycle.js:233:16)
14 verbose stack     at emitTwo (events.js:87:13)
14 verbose stack     at EventEmitter.emit (events.js:172:7)
14 verbose stack     at ChildProcess.<anonymous> (/Users/remyy/.nvm/versions/node/v5.0.0/lib/node_modules/npm/lib/utils/spawn.js:24:14)
14 verbose stack     at emitTwo (events.js:87:13)
14 verbose stack     at ChildProcess.emit (events.js:172:7)
14 verbose stack     at maybeClose (internal/child_process.js:818:16)
14 verbose stack     at Process.ChildProcess._handle.onexit (internal/child_process.js:211:5)
15 verbose pkgid fractalforest@1.0.0
16 verbose cwd /Users/remyy/Applications/javascript/FractalForest
17 error Darwin 14.5.0
18 error argv "/Users/remyy/.nvm/versions/node/v5.0.0/bin/node" "/Users/remyy/.nvm/versions/node/v5.0.0/bin/npm" "run" "dev"
19 error node v5.0.0
20 error npm  v3.3.6
21 error code ELIFECYCLE
22 error fractalforest@1.0.0 dev: `webpack-dev-server --hot`
22 error Exit status 1
23 error Failed at the fractalforest@1.0.0 dev script 'webpack-dev-server --hot'.
23 error This is most likely a problem with the fractalforest package,
23 error not with npm itself.
23 error Tell the author that this fails on your system:
23 error     webpack-dev-server --hot
23 error You can get their info via:
23 error     npm owner ls fractalforest
23 error There is likely additional logging output above.
24 verbose exit [ 1, true ]
